<?xml version="1.0" encoding="UTF-8"?>
<testsuite xmlns:xsi="http://www.w3.org/2001/XMLSchema-instance" xsi:noNamespaceSchemaLocation="https://maven.apache.org/surefire/maven-surefire-plugin/xsd/surefire-test-report.xsd" name="com.codin9ninja.top25ratedtvshows.Top25RatedTvShowsApplicationTests" time="13.364" tests="1" errors="0" skipped="0" failures="0">
  <properties>
[...]
</properties>
  <testcase name="contextLoads" classname="com.codin9ninja.top25ratedtvshows.Top25RatedTvShowsApplicationTests" time="0.561"/>
</testsuite>